[14:49:51] [main/INFO] [LaunchWrapper]: Loading tweak class name net.minecraftforge.fml.common.launcher.FMLServerTweaker
[14:49:51] [main/INFO] [LaunchWrapper]: Using primary tweak class name net.minecraftforge.fml.common.launcher.FMLServerTweaker
[14:49:51] [main/INFO] [LaunchWrapper]: Calling tweak class net.minecraftforge.fml.common.launcher.FMLServerTweaker
[14:49:51] [main/INFO] [FML]: Forge Mod Loader version 14.23.5.2859 for Minecraft 1.12.2 loading
[14:49:51] [main/INFO] [FML]: Java is OpenJDK 64-Bit Server VM, version 1.8.0_422, running on Linux:amd64:6.8.0-41-generic, installed at /usr/lib/jvm/java-8-openjdk-amd64/jre
[14:49:51] [main/INFO] [FML]: Searching /home/sticky/coding/Hugging-Face-Minecraft-Data-RLcraft/./mods for mods
[14:49:51] [main/INFO] [FML]: Loading tweaker org.spongepowered.asm.launch.MixinTweaker from [___MixinCompat-0.8___].jar
[14:49:51] [main/INFO] [FML]: Loading tweaker org.spongepowered.asm.launch.MixinTweaker from _MixinBootstrap-1.1.0.jar
[14:49:51] [main/INFO] [FML]: Loading tweaker org.spongepowered.asm.launch.MixinTweaker from BedBreakBegone-1.0.2.jar
[14:49:51] [main/WARN] [FML]: Found FMLCorePluginContainsFMLMod marker in betterbiomeblend-1.12.2-1.1.7-forge.jar. This is not recommended, @Mods should be in a separate jar from the coremod.
[14:49:51] [main/WARN] [FML]: The coremod Better Biome Blend (fionathemortal.betterbiomeblend.core.CoreMod) is not signed!
[14:49:51] [main/WARN] [FML]: Found FMLCorePluginContainsFMLMod marker in BetterFoliage-MC1.12-2.3.3.jar. This is not recommended, @Mods should be in a separate jar from the coremod.
[14:49:51] [main/WARN] [FML]: The coremod BetterFoliageLoader (mods.betterfoliage.loader.BetterFoliageLoader) is not signed!
[14:49:51] [main/WARN] [FML]: Found FMLCorePluginContainsFMLMod marker in Bloodmoon-MC1.12.2-1.5.3.jar. This is not recommended, @Mods should be in a separate jar from the coremod.
[14:49:51] [main/WARN] [FML]: The coremod lumien.bloodmoon.asm.LoadingPlugin does not have a MCVersion annotation, it may cause issues with this version of Minecraft
[14:49:51] [main/WARN] [FML]: Found FMLCorePluginContainsFMLMod marker in Born In A Barn V1.8-1.12-1.1.jar. This is not recommended, @Mods should be in a separate jar from the coremod.
[14:49:51] [main/WARN] [FML]: The coremod com.chocohead.biab.BornInABarn does not have a MCVersion annotation, it may cause issues with this version of Minecraft
[14:49:51] [main/WARN] [FML]: The coremod Born in a Barn (com.chocohead.biab.BornInABarn) is not signed!
[14:49:51] [main/WARN] [FML]: Found FMLCorePluginContainsFMLMod marker in Charm-1.12.2-1.4.1.jar. This is not recommended, @Mods should be in a separate jar from the coremod.
[14:49:51] [main/WARN] [FML]: The coremod svenhjol.charm.base.CharmLoadingPlugin does not have a MCVersion annotation, it may cause issues with this version of Minecraft
[14:49:51] [main/WARN] [FML]: The coremod CharmLoadingPlugin (svenhjol.charm.base.CharmLoadingPlugin) is not signed!
[14:49:51] [main/WARN] [FML]: Found FMLCorePluginContainsFMLMod marker in ChunkAnimator-1.12.2-1.2.1.jar. This is not recommended, @Mods should be in a separate jar from the coremod.
[14:49:51] [main/WARN] [FML]: The coremod lumien.chunkanimator.asm.LoadingPlugin does not have a MCVersion annotation, it may cause issues with this version of Minecraft
[14:49:51] [main/WARN] [FML]: The coremod LoadingPlugin (lumien.chunkanimator.asm.LoadingPlugin) is not signed!
[14:49:51] [main/WARN] [FML]: Found FMLCorePluginContainsFMLMod marker in CreativeCore_v1.10.70_mc1.12.2.jar. This is not recommended, @Mods should be in a separate jar from the coremod.
[14:49:51] [main/WARN] [FML]: The coremod com.creativemd.creativecore.core.CreativePatchingLoader does not have a MCVersion annotation, it may cause issues with this version of Minecraft
[14:49:51] [main/WARN] [FML]: The coremod CreativePatchingLoader (com.creativemd.creativecore.core.CreativePatchingLoader) is not signed!
[14:49:51] [main/INFO] [FML]: Loading tweaker org.spongepowered.asm.launch.MixinTweaker from DynamicSurroundings-1.12.2-3.6.2.1.jar
[14:49:51] [main/WARN] [FML]: Found FMLCorePluginContainsFMLMod marker in foamfix-0.10.15-1.12.2.jar. This is not recommended, @Mods should be in a separate jar from the coremod.
[14:49:51] [main/WARN] [FML]: The coremod pl.asie.foamfix.coremod.FoamFixCore does not have a MCVersion annotation, it may cause issues with this version of Minecraft
[14:49:51] [main/WARN] [FML]: The coremod Do not report to Forge! (If you haven't disabled the FoamFix coremod, try disabling it in the config! Note that this bit of text will still appear.) (pl.asie.foamfix.coremod.FoamFixCore) is not signed!
[14:49:51] [main/WARN] [FML]: Found FMLCorePluginContainsFMLMod marker in ForgeEndertech-1.12.2-4.5.6.1-build.0648.jar. This is not recommended, @Mods should be in a separate jar from the coremod.
[14:49:51] [main/WARN] [FML]: The coremod com.endertech.minecraft.forge.coremod.CorePlugin does not have a MCVersion annotation, it may cause issues with this version of Minecraft
[14:49:51] [main/WARN] [FML]: The coremod CorePlugin (com.endertech.minecraft.forge.coremod.CorePlugin) is not signed!
[14:49:51] [main/WARN] [FML]: Found FMLCorePluginContainsFMLMod marker in Forgelin-1.8.4.jar. This is not recommended, @Mods should be in a separate jar from the coremod.
[14:49:51] [main/WARN] [FML]: The coremod net.shadowfacts.forgelin.preloader.ForgelinPlugin does not have a MCVersion annotation, it may cause issues with this version of Minecraft
[14:49:51] [main/WARN] [FML]: The coremod ForgelinPlugin (net.shadowfacts.forgelin.preloader.ForgelinPlugin) is not signed!
[14:49:51] [main/INFO] [FML]: Loading tweaker org.spongepowered.asm.launch.MixinTweaker from framevoidpatch-1.0.0.jar
[14:49:51] [main/WARN] [FML]: Found FMLCorePluginContainsFMLMod marker in InventoryTweaks-1.64+dev.151.jar. This is not recommended, @Mods should be in a separate jar from the coremod.
[14:49:51] [main/WARN] [FML]: The coremod invtweaks.forge.asm.FMLPlugin does not have a MCVersion annotation, it may cause issues with this version of Minecraft
[14:49:51] [main/WARN] [FML]: Found FMLCorePluginContainsFMLMod marker in ISeeDragons-1.2.1.jar. This is not recommended, @Mods should be in a separate jar from the coremod.
[14:49:51] [main/WARN] [FML]: The coremod FMLCorePlugin (io.github.xcube16.iseedragons.asm.FMLCorePlugin) is not signed!
[14:49:51] [main/WARN] [FML]: The coremod com.creativemd.itemphysic.ItemPatchingLoader does not have a MCVersion annotation, it may cause issues with this version of Minecraft
[14:49:51] [main/WARN] [FML]: The coremod ItemPatchingLoader (com.creativemd.itemphysic.ItemPatchingLoader) is not signed!
[14:49:51] [main/WARN] [FML]: The coremod ivorius.ivtoolkit.IvToolkitLoadingPlugin does not have a MCVersion annotation, it may cause issues with this version of Minecraft
[14:49:51] [main/WARN] [FML]: The coremod IvToolkit (ivorius.ivtoolkit.IvToolkitLoadingPlugin) is not signed!
[14:49:51] [main/WARN] [FML]: Found FMLCorePluginContainsFMLMod marker in librarianlib-1.12.2-4.22.jar. This is not recommended, @Mods should be in a separate jar from the coremod.
[14:49:51] [main/WARN] [FML]: The coremod com.teamwizardry.librarianlib.asm.LibLibCorePlugin does not have a MCVersion annotation, it may cause issues with this version of Minecraft
[14:49:51] [main/WARN] [FML]: The coremod LibrarianLib Plugin (com.teamwizardry.librarianlib.asm.LibLibCorePlugin) is not signed!
[14:49:51] [main/INFO] [FML]: Loading tweaker org.spongepowered.asm.launch.MixinTweaker from Locks-1.12.2-3.0.0.jar
[14:49:51] [main/INFO] [FML]: Loading tweaker org.spongepowered.asm.launch.MixinTweaker from MaterialTweaker-1.1.1.jar
[14:49:51] [main/WARN] [FML]: Found FMLCorePluginContainsFMLMod marker in MultiMine-1.12.2.jar. This is not recommended, @Mods should be in a separate jar from the coremod.
[14:49:51] [main/WARN] [FML]: The coremod atomicstryker.multimine.common.fmlmagic.MMFMLCorePlugin does not have a MCVersion annotation, it may cause issues with this version of Minecraft
[14:49:51] [main/WARN] [FML]: The coremod MMFMLCorePlugin (atomicstryker.multimine.common.fmlmagic.MMFMLCorePlugin) is not signed!
[14:49:51] [main/INFO] [FML]: Loading tweaker org.spongepowered.asm.launch.MixinTweaker from particleculling-1.12.2-v1.4.1.jar
[14:49:51] [main/WARN] [FML]: Found FMLCorePluginContainsFMLMod marker in Quark-r1.6-179.jar. This is not recommended, @Mods should be in a separate jar from the coremod.
[14:49:51] [main/WARN] [FML]: The coremod Quark Plugin (vazkii.quark.base.asm.LoadingPlugin) is not signed!
[14:49:51] [main/WARN] [FML]: Found FMLCorePluginContainsFMLMod marker in ReachFix-1.12.2-1.0.8.jar. This is not recommended, @Mods should be in a separate jar from the coremod.
[14:49:51] [main/WARN] [FML]: The coremod ReachFixPlugin (meldexun.reachfix.asm.ReachFixPlugin) is not signed!
[14:49:51] [main/WARN] [FML]: The coremod RBLoadingPlugin (pw.prok.realbench.asm.RBLoadingPlugin) is not signed!
[14:49:51] [main/WARN] [FML]: Found FMLCorePluginContainsFMLMod marker in Reskillable-1.12.2-1.13.0.jar. This is not recommended, @Mods should be in a separate jar from the coremod.
[14:49:51] [main/WARN] [FML]: The coremod codersafterdark.reskillable.base.asm.LoadingPlugin does not have a MCVersion annotation, it may cause issues with this version of Minecraft
[14:49:51] [main/WARN] [FML]: The coremod LoadingPlugin (codersafterdark.reskillable.base.asm.LoadingPlugin) is not signed!
[14:49:51] [main/WARN] [FML]: Found FMLCorePluginContainsFMLMod marker in ResourceLoader-MC1.12.1-1.5.3.jar. This is not recommended, @Mods should be in a separate jar from the coremod.
[14:49:51] [main/WARN] [FML]: The coremod lumien.resourceloader.asm.LoadingPlugin does not have a MCVersion annotation, it may cause issues with this version of Minecraft
[14:49:51] [main/INFO] [FML]: Loading tweaker org.spongepowered.asm.launch.MixinTweaker from RLMixins-1.2.15.jar
[14:49:51] [main/WARN] [FML]: Found FMLCorePluginContainsFMLMod marker in RLTweaker-1.12.2-0.5.12.jar. This is not recommended, @Mods should be in a separate jar from the coremod.
[14:49:51] [main/WARN] [FML]: The coremod com.charles445.rltweaker.asm.CoreLoader does not have a MCVersion annotation, it may cause issues with this version of Minecraft
[14:49:51] [main/WARN] [FML]: The coremod RLTweaker ASM (com.charles445.rltweaker.asm.CoreLoader) is not signed!
[14:49:51] [main/WARN] [FML]: Found FMLCorePluginContainsFMLMod marker in SereneSeasons-1.12.2-1.2.18-universal.jar. This is not recommended, @Mods should be in a separate jar from the coremod.
[14:49:51] [main/WARN] [FML]: The coremod sereneseasons.asm.SSLoadingPlugin does not have a MCVersion annotation, it may cause issues with this version of Minecraft
[14:49:51] [main/WARN] [FML]: The coremod SSLoadingPlugin (sereneseasons.asm.SSLoadingPlugin) is not signed!
[14:49:51] [main/WARN] [FML]: Found FMLCorePluginContainsFMLMod marker in SimpleDifficulty-1.12.2-0.3.9.jar. This is not recommended, @Mods should be in a separate jar from the coremod.
[14:49:51] [main/WARN] [FML]: The coremod com.charles445.simpledifficulty.asm.CoreLoader does not have a MCVersion annotation, it may cause issues with this version of Minecraft
[14:49:51] [main/WARN] [FML]: The coremod SimpleDifficulty ASM (com.charles445.simpledifficulty.asm.CoreLoader) is not signed!
[14:49:51] [main/INFO] [FML]: Loading tweaker org.spongepowered.asm.launch.MixinTweaker from SnowRealMagic-1.12.2-0.7.1.jar
[14:49:51] [main/WARN] [FML]: Found FMLCorePluginContainsFMLMod marker in SoManyEnchantments-0.5.5.jar. This is not recommended, @Mods should be in a separate jar from the coremod.
[14:49:51] [main/WARN] [FML]: The coremod com.Shultrea.Rin.Transformer.CoreLoader does not have a MCVersion annotation, it may cause issues with this version of Minecraft
[14:49:51] [main/WARN] [FML]: The coremod SoManyEnchantments ASM (com.Shultrea.Rin.Transformer.CoreLoader) is not signed!
[14:49:51] [main/INFO] [FML]: Loading tweaker org.spongepowered.asm.launch.MixinTweaker from SpartanWeaponry-1.12.2-1.5.3.jar
[14:49:51] [main/INFO] [FML]: Loading tweaker org.spongepowered.asm.launch.MixinTweaker from Surge-1.12.2-2.0.79.jar
[14:49:51] [main/WARN] [FML]: Found FMLCorePluginContainsFMLMod marker in tnt_utilities-mc1.12-1.2.3.jar. This is not recommended, @Mods should be in a separate jar from the coremod.
[14:49:51] [main/WARN] [FML]: The coremod ljfa.tntutils.asm.TntuPlugin does not have a MCVersion annotation, it may cause issues with this version of Minecraft
[14:49:51] [main/INFO] [FML]: Loading tweaker org.spongepowered.asm.launch.MixinTweaker from WolfArmorAndStorage-3.8.1+1.12.2.alpha.1-SNAPSHOT-signed.jar
[14:49:51] [main/INFO] [FML]: Loading tweaker org.spongepowered.asm.launch.MixinTweaker from phosphor-1.12.2-0.2.6+build50-universal.jar
[14:49:51] [main/INFO] [LaunchWrapper]: Loading tweak class name net.minecraftforge.fml.common.launcher.FMLInjectionAndSortingTweaker
[14:49:51] [main/INFO] [LaunchWrapper]: Loading tweak class name org.spongepowered.asm.launch.MixinTweaker
[14:49:51] [main/INFO] [mixin]: SpongePowered MIXIN Subsystem Version=0.8 Source=file:/home/sticky/coding/Hugging-Face-Minecraft-Data-RLcraft/./mods/%5B___MixinCompat-0.8___%5D.jar Service=LaunchWrapper Env=SERVER
[14:49:51] [main/WARN] [FML]: The coremod MixinLoader (bedbreakbegone.mixin.MixinLoader) is not signed!
[14:49:51] [main/INFO] [mixin]: Compatibility level set to JAVA_8
[14:49:51] [main/WARN] [FML]: The coremod MixinLoader (framevoidpatch.mixin.MixinLoader) is not signed!
[14:49:51] [main/WARN] [FML]: The coremod MixinLoader (melonslise.locks.mixin.MixinLoader) is not signed!
[14:49:51] [main/WARN] [FML]: The coremod MaterialTweakerPlugin (materialtweaker.MaterialTweakerPlugin) is not signed!
[14:49:51] [main/WARN] [FML]: The coremod ParticleCullingLoadingPlugin (bl4ckscor3.mod.particleculling.ParticleCullingLoadingPlugin) is not signed!
[14:49:51] [main/WARN] [FML]: The coremod RLMixinsPlugin (rlmixins.RLMixinsPlugin) is not signed!
[14:49:51] [main/INFO] [rlmixins.RLMixins]: RLMixins Early Loading: Enchantment ItemStack Damage (Vanilla/SME)
[14:49:51] [main/INFO] [rlmixins.RLMixins]: RLMixins Early Loading: Prevent Shulker Crate Insertion (Vanilla/Charm)
[14:49:51] [main/INFO] [rlmixins.RLMixins]: RLMixins Early Loading: EXPERIMENTAL: Teleporting Lag Patch (Vanilla)
[14:49:51] [main/INFO] [rlmixins.RLMixins]: RLMixins Early Loading: Smoothed Crouching (Vanilla)
[14:49:51] [main/INFO] [rlmixins.RLMixins]: RLMixins Early Loading: Lowered Crouch (Vanilla)
[14:49:51] [main/INFO] [rlmixins.RLMixins]: RLMixins Early Loading: Offhand Enchants (Vanilla/RLCombat)
[14:49:51] [main/INFO] [rlmixins.RLMixins]: RLMixins Early Loading: Tipped Arrow Blacklist (Vanilla)
[14:49:51] [main/INFO] [rlmixins.RLMixins]: RLMixins Early Loading: Zombie Curing Ticks Spawners (Vanilla/MobSpawnerControl)
[14:49:51] [main/INFO] [rlmixins.RLMixins]: RLMixins Early Loading: Outdated Chunk Data (Vanilla)
[14:49:51] [main/INFO] [rlmixins.RLMixins]: RLMixins Early Loading: Anvil Too Expensive (Vanilla/AnvilPatch)
[14:49:51] [main/INFO] [rlmixins.RLMixins]: RLMixins Early Loading: Stop Pigmen Portal Spawning (Vanilla)
[14:49:51] [main/INFO] [rlmixins.RLMixins]: RLMixins Early Loading: Chunk Entity List (Vanilla)
[14:49:51] [main/INFO] [rlmixins.RLMixins]: RLMixins Early Loading: Boss Cart/Boat Cheese (Vanilla/InfernalMobs/ScalingHealth/Champions)
[14:49:51] [main/INFO] [rlmixins.RLMixins]: RLMixins Early Loading: Enable Dragon Dismount Fix (Vanilla/IceAndFire)
[14:49:51] [main/INFO] [rlmixins.RLMixins]: RLMixins Early Loading: ChunkAnimator XRay (Vanilla/ChunkAnimator)
[14:49:51] [main/INFO] [rlmixins.RLMixins]: RLMixins Early Loading: Health Desync Patch (Vanilla)
[14:49:51] [main/INFO] [rlmixins.RLMixins]: RLMixins Early Loading: Mending Priorities (Vanilla)
[14:49:51] [main/INFO] [rlmixins.RLMixins]: RLMixins Early Loading: Entity Tracker Desync (Vanilla)
[14:49:51] [main/INFO] [rlmixins.RLMixins]: RLMixins Early Loading: Missing Particle Rendering (Vanilla)
[14:49:51] [main/INFO] [rlmixins.RLMixins]: RLMixins Early Loading: Potion Amplifier Visibility (Vanilla)
[14:49:51] [main/INFO] [rlmixins.RLMixins]: RLMixins Early Loading: AntiWarp Handling (Vanilla/BetterSurvival)
[14:49:51] [main/INFO] [rlmixins.RLMixins]: RLMixins Early Loading: Enchantment Item Attributes (Vanilla/SME)
[14:49:51] [main/INFO] [rlmixins.RLMixins]: RLMixins Early Loading: Stray/Husk Sky Spawning Fix (Vanilla)
[14:49:51] [main/WARN] [FML]: The coremod snownee.snow.core.CoreMod does not have a MCVersion annotation, it may cause issues with this version of Minecraft
[14:49:51] [main/WARN] [FML]: The coremod Snow! Real Magic! (snownee.snow.core.CoreMod) is not signed!
[14:49:51] [main/WARN] [FML]: The coremod SpartanWeaponry-MixinLoader (com.oblivioussp.spartanweaponry.mixin.MixinLoader) is not signed!
[14:49:51] [main/WARN] [LaunchWrapper]: Tweak class name org.spongepowered.asm.launch.MixinTweaker has already been visited -- skipping
[14:49:51] [main/WARN] [LaunchWrapper]: Tweak class name org.spongepowered.asm.launch.MixinTweaker has already been visited -- skipping
[14:49:51] [main/WARN] [LaunchWrapper]: Tweak class name org.spongepowered.asm.launch.MixinTweaker has already been visited -- skipping
[14:49:51] [main/WARN] [LaunchWrapper]: Tweak class name org.spongepowered.asm.launch.MixinTweaker has already been visited -- skipping
[14:49:51] [main/WARN] [LaunchWrapper]: Tweak class name org.spongepowered.asm.launch.MixinTweaker has already been visited -- skipping
[14:49:51] [main/WARN] [LaunchWrapper]: Tweak class name org.spongepowered.asm.launch.MixinTweaker has already been visited -- skipping
[14:49:51] [main/WARN] [LaunchWrapper]: Tweak class name org.spongepowered.asm.launch.MixinTweaker has already been visited -- skipping
[14:49:51] [main/WARN] [LaunchWrapper]: Tweak class name org.spongepowered.asm.launch.MixinTweaker has already been visited -- skipping
[14:49:51] [main/WARN] [LaunchWrapper]: Tweak class name org.spongepowered.asm.launch.MixinTweaker has already been visited -- skipping
[14:49:51] [main/WARN] [LaunchWrapper]: Tweak class name org.spongepowered.asm.launch.MixinTweaker has already been visited -- skipping
[14:49:51] [main/WARN] [LaunchWrapper]: Tweak class name org.spongepowered.asm.launch.MixinTweaker has already been visited -- skipping
[14:49:51] [main/WARN] [LaunchWrapper]: Tweak class name org.spongepowered.asm.launch.MixinTweaker has already been visited -- skipping
[14:49:51] [main/WARN] [LaunchWrapper]: Tweak class name org.spongepowered.asm.launch.MixinTweaker has already been visited -- skipping
[14:49:51] [main/INFO] [LaunchWrapper]: Loading tweak class name net.minecraftforge.fml.common.launcher.FMLDeobfTweaker
[14:49:51] [main/INFO] [LaunchWrapper]: Calling tweak class net.minecraftforge.fml.common.launcher.FMLInjectionAndSortingTweaker
[14:49:51] [main/INFO] [LaunchWrapper]: Calling tweak class net.minecraftforge.fml.common.launcher.FMLInjectionAndSortingTweaker
[14:49:51] [main/INFO] [LaunchWrapper]: Calling tweak class net.minecraftforge.fml.relauncher.CoreModManager$FMLPluginWrapper
[14:49:53] [main/INFO] [FML]: Found valid fingerprint for Minecraft Forge. Certificate fingerprint e3c3d50c7c986df74c645c0ac54639741c90a557
[14:49:53] [main/INFO] [LaunchWrapper]: Calling tweak class net.minecraftforge.fml.relauncher.CoreModManager$FMLPluginWrapper
[14:49:53] [main/INFO] [LaunchWrapper]: Calling tweak class net.minecraftforge.fml.relauncher.CoreModManager$FMLPluginWrapper
[14:49:53] [main/INFO] [betterbiomeblend]: Found valid Mixin framework! Proceeding to load.
[14:49:53] [main/INFO] [LaunchWrapper]: Calling tweak class net.minecraftforge.fml.relauncher.CoreModManager$FMLPluginWrapper
[14:49:53] [main/INFO] [LaunchWrapper]: Calling tweak class net.minecraftforge.fml.relauncher.CoreModManager$FMLPluginWrapper
[14:49:53] [main/INFO] [LaunchWrapper]: Calling tweak class net.minecraftforge.fml.relauncher.CoreModManager$FMLPluginWrapper
[14:49:53] [main/INFO] [LaunchWrapper]: Calling tweak class net.minecraftforge.fml.relauncher.CoreModManager$FMLPluginWrapper
[14:49:53] [main/INFO] [LaunchWrapper]: Calling tweak class net.minecraftforge.fml.relauncher.CoreModManager$FMLPluginWrapper
[14:49:53] [main/INFO] [LaunchWrapper]: Calling tweak class net.minecraftforge.fml.relauncher.CoreModManager$FMLPluginWrapper
[14:49:53] [main/INFO] [LaunchWrapper]: Calling tweak class net.minecraftforge.fml.relauncher.CoreModManager$FMLPluginWrapper
[14:49:53] [main/INFO] [LaunchWrapper]: Calling tweak class net.minecraftforge.fml.relauncher.CoreModManager$FMLPluginWrapper
[14:49:53] [main/INFO] [LaunchWrapper]: Calling tweak class net.minecraftforge.fml.relauncher.CoreModManager$FMLPluginWrapper
[14:49:53] [main/INFO] [LaunchWrapper]: Calling tweak class net.minecraftforge.fml.relauncher.CoreModManager$FMLPluginWrapper
[14:49:53] [main/INFO] [LaunchWrapper]: Calling tweak class net.minecraftforge.fml.relauncher.CoreModManager$FMLPluginWrapper
[14:49:53] [main/INFO] [LaunchWrapper]: Calling tweak class org.spongepowered.asm.launch.MixinTweaker
[14:49:53] [main/ERROR] [mixin]: Mixin config mixins.mixincompat.json does not specify "minVersion" property
[14:49:53] [main/INFO] [LaunchWrapper]: Calling tweak class net.minecraftforge.fml.common.launcher.FMLDeobfTweaker
[14:49:53] [main/INFO] [LaunchWrapper]: Calling tweak class net.minecraftforge.fml.relauncher.CoreModManager$FMLPluginWrapper
[14:49:53] [main/INFO] [LaunchWrapper]: Calling tweak class net.minecraftforge.fml.relauncher.CoreModManager$FMLPluginWrapper
[14:49:53] [main/INFO] [LaunchWrapper]: Calling tweak class net.minecraftforge.fml.relauncher.CoreModManager$FMLPluginWrapper
[14:49:53] [main/INFO] [LaunchWrapper]: Calling tweak class net.minecraftforge.fml.relauncher.CoreModManager$FMLPluginWrapper
[14:49:53] [main/INFO] [LaunchWrapper]: Calling tweak class net.minecraftforge.fml.relauncher.CoreModManager$FMLPluginWrapper
[14:49:53] [main/INFO] [LaunchWrapper]: Calling tweak class net.minecraftforge.fml.relauncher.CoreModManager$FMLPluginWrapper
[14:49:53] [main/INFO] [LaunchWrapper]: Calling tweak class net.minecraftforge.fml.relauncher.CoreModManager$FMLPluginWrapper
[14:49:53] [main/INFO] [LaunchWrapper]: Calling tweak class net.minecraftforge.fml.relauncher.CoreModManager$FMLPluginWrapper
[14:49:53] [main/INFO] [LaunchWrapper]: Calling tweak class net.minecraftforge.fml.relauncher.CoreModManager$FMLPluginWrapper
[14:49:53] [main/INFO] [LaunchWrapper]: Calling tweak class net.minecraftforge.fml.relauncher.CoreModManager$FMLPluginWrapper
[14:49:53] [main/INFO] [LaunchWrapper]: Calling tweak class net.minecraftforge.fml.relauncher.CoreModManager$FMLPluginWrapper
[14:49:53] [main/INFO] [RLTweakerASM]: ConfigSetup is running.
[14:49:53] [main/INFO] [RLTweakerASM]: Server Type: NONE
[14:49:53] [main/INFO] [RLTweakerASM]: Patcher is enabled
[14:49:53] [main/INFO] [RLTweakerASM]: RLTweakerASM PatchManager: Concurrent Particles
[14:49:53] [main/INFO] [RLTweakerASM]: RLTweakerASM PatchManager: Less Collisions
[14:49:53] [main/INFO] [RLTweakerASM]: RLTweakerASM PatchManager: Real Bench
[14:49:53] [main/INFO] [RLTweakerASM]: RLTweakerASM PatchManager: Myrmex Queen Hive Spam
[14:49:53] [main/INFO] [RLTweakerASM]: RLTweakerASM PatchManager: Lycanites Dupe Patch
[14:49:53] [main/INFO] [RLTweakerASM]: RLTweakerASM PatchManager: Door Pathfinding
[14:49:53] [main/INFO] [RLTweakerASM]: RLTweakerASM PatchManager: Reduced Search Size
[14:49:53] [main/INFO] [RLTweakerASM]: RLTweakerASM PatchManager: Broadcast Sounds
[14:49:53] [main/INFO] [RLTweakerASM]: RLTweakerASM PatchManager: Enchant
[14:49:53] [main/INFO] [RLTweakerASM]: RLTweakerASM PatchManager: Aggressive Motion Checker
[14:49:53] [main/INFO] [RLTweakerASM]: RLTweakerASM PatchManager: Entity Breakable
[14:49:53] [main/INFO] [RLTweakerASM]: RLTweakerASM PatchManager: Item Frame Dupe
[14:49:53] [main/INFO] [RLTweakerASM]: RLTweakerASM PatchManager: Push Reaction
[14:49:53] [main/INFO] [RLTweakerASM]: RLTweakerASM PatchManager: Overlay Message
[14:49:53] [main/INFO] [RLTweakerASM]: RLTweakerASM PatchManager: Anvil Dupe Fix
[14:49:53] [main/INFO] [RLTweakerASM]: RLTweakerASM PatchManager: Hopper
[14:49:53] [main/INFO] [RLTweakerASM]: RLTweakerASM PatchManager: Old Hippocampus
[14:49:53] [main/INFO] [RLTweakerASM]: RLTweakerASM PatchManager: Old Gorgon
[14:49:53] [main/INFO] [RLTweakerASM]: RLTweakerASM PatchManager: Waystone Scroll
[14:49:53] [main/INFO] [RLTweakerASM]: RLTweakerASM PatchManager: Pathfinding Chunk Cache
[14:49:53] [main/INFO] [RLTweakerASM]: RLTweakerASM PatchManager: Chunk Ticks
[14:49:53] [main/INFO] [RLTweakerASM]: RLTweakerASM PatchManager: Patch Cure Potion
[14:49:53] [main/INFO] [RLTweakerASM]: RLTweakerASM PatchManager: Patch Amphithere Tame Damage
[14:49:53] [main/INFO] [RLTweakerASM]: RLTweakerASM PatchManager: Patch Potion Core Resistance
[14:49:54] [main/INFO] [RLTweakerASM]: RLTweakerASM PatchManager: Patch Custom Attribute Instances
[14:49:54] [main/INFO] [RLTweakerASM]: RLTweakerASM PatchManager: Patch Falling Block Portal Dupe
[14:49:54] [main/INFO] [LaunchWrapper]: Calling tweak class net.minecraftforge.fml.relauncher.CoreModManager$FMLPluginWrapper
[14:49:54] [main/INFO] [LaunchWrapper]: Calling tweak class net.minecraftforge.fml.relauncher.CoreModManager$FMLPluginWrapper
[14:49:54] [main/INFO] [LaunchWrapper]: Calling tweak class net.minecraftforge.fml.relauncher.CoreModManager$FMLPluginWrapper
[14:49:54] [main/INFO] [LaunchWrapper]: Calling tweak class net.minecraftforge.fml.relauncher.CoreModManager$FMLPluginWrapper
[14:49:54] [main/INFO] [ISeeDragons]: Adding Patchers
[14:49:54] [main/INFO] [ISeeDragons]: ASM patcher: [Fix Dragon Item Lag] enabled
[14:49:54] [main/INFO] [ISeeDragons]: ASM patcher: [Ice and Fire Axe fix] enabled
[14:49:54] [main/INFO] [ISeeDragons]: ASM patcher: [Stop Log Spammers] enabled
[14:49:54] [main/INFO] [ISeeDragons]: ASM patcher: [Ice and Fire Myrmex egg dupe fix] enabled
[14:49:54] [main/INFO] [ISeeDragons]: ASM patcher: [Remove all achievements] disabled
[14:49:54] [main/INFO] [ISeeDragons]: ASM patcher: [Sea Serpent Spawn Fix] enabled
[14:49:54] [main/INFO] [ISeeDragons]: ASM patcher: [Fix Dragon Escape] disabled
[14:49:54] [main/INFO] [ISeeDragons]: ASM patcher: [Hook Structure Generator] enabled
[14:49:54] [main/INFO] [ISeeDragons]: ASM patcher: [] enabled
[14:49:54] [main/INFO] [ISeeDragons]: ASM patcher: [Patch MmmMmm dummy] enabled
[14:49:54] [main/INFO] [ISeeDragons]: ASM patcher: [Patch Statue Dupe] enabled
[14:49:54] [main/INFO] [LaunchWrapper]: Loading tweak class name net.minecraftforge.fml.common.launcher.TerminalTweaker
[14:49:54] [main/INFO] [LaunchWrapper]: Loading tweak class name org.spongepowered.asm.mixin.EnvironmentStateTweaker
[14:49:54] [main/INFO] [LaunchWrapper]: Calling tweak class net.minecraftforge.fml.common.launcher.TerminalTweaker
[14:49:54] [main/INFO] [LaunchWrapper]: Calling tweak class org.spongepowered.asm.mixin.EnvironmentStateTweaker
[14:49:54] [main/WARN] [mixin]: Reference map 'mixins.mixincompat.refmap.json' for mixins.mixincompat.json could not be read. If this is a development environment you can ignore this message
[14:49:54] [main/INFO] [Meson ASM]: Transforming EntityPlayer
[14:49:54] [main/INFO] [Meson ASM]: Applying Transformation to method (Names [getArmorVisibility, func_82243_bO, cW] Descriptor ()F / ()F)
[14:49:54] [main/INFO] [Meson ASM]: Located method, patching...
[14:49:54] [main/INFO] [Meson ASM]: Located target IINC 1 1
[14:49:54] [main/INFO] [Meson ASM]: Patch result: true
[14:49:54] [main/INFO] [mixin]: A re-entrant transformer '$wrapper.svenhjol.charm.base.CharmClassTransformer' was detected and will no longer process meta class data
[14:49:54] [main/INFO] [RLTweakerASM]: Patch exists for net.minecraft.entity.item.EntityItemFrame
[14:49:54] [main/INFO] [RLTweakerASM]: Writing class net.minecraft.entity.item.EntityItemFrame with flags MAXS
[14:49:54] [main/INFO] [RLTweakerASM]: Patch exists for net.minecraft.block.Block
[14:49:54] [main/INFO] [RLTweakerASM]: Writing class net.minecraft.block.Block with flags MAXS | FRAMES
[14:49:54] [main/INFO] [Quark ASM]: Transforming net.minecraft.block.BlockPistonBase
[14:49:54] [main/INFO] [Quark ASM]: Applying Transformation to method (Names [canPush, func_185646_a] Descriptor (Lnet/minecraft/block/state/IBlockState;Lnet/minecraft/world/World;Lnet/minecraft/util/math/BlockPos;Lnet/minecraft/util/EnumFacing;ZLnet/minecraft/util/EnumFacing;)Z)
[14:49:54] [main/INFO] [Quark ASM]: Located Method, patching...
[14:49:54] [main/INFO] [Quark ASM]: Located patch target node INVOKEVIRTUAL net/minecraft/block/Block.hasTileEntity (Lnet/minecraft/block/state/IBlockState;)Z
[14:49:54] [main/INFO] [Quark ASM]: Patch result: true
[14:49:54] [main/INFO] [Quark ASM]: Applying Transformation to method (Names [doMove, func_176319_a] Descriptor (Lnet/minecraft/world/World;Lnet/minecraft/util/math/BlockPos;Lnet/minecraft/util/EnumFacing;Z)Z)
[14:49:54] [main/INFO] [Quark ASM]: Located Method, patching...
[14:49:54] [main/INFO] [Quark ASM]: Located patch target node INVOKEVIRTUAL net/minecraft/block/state/BlockPistonStructureHelper.func_177254_c ()Ljava/util/List;
[14:49:54] [main/INFO] [Quark ASM]: Patch result: true
[14:49:54] [main/INFO] [Quark ASM]: Applying Transformation to method (Names [doMove, func_176319_a] Descriptor (Lnet/minecraft/world/World;Lnet/minecraft/util/math/BlockPos;Lnet/minecraft/util/EnumFacing;Z)Z)
[14:49:54] [main/INFO] [Quark ASM]: Located Method, patching...
[14:49:54] [main/INFO] [Quark ASM]: Located patch target node INVOKESPECIAL net/minecraft/block/state/BlockPistonStructureHelper.<init> (Lnet/minecraft/world/World;Lnet/minecraft/util/math/BlockPos;Lnet/minecraft/util/EnumFacing;Z)V
[14:49:54] [main/INFO] [Quark ASM]: Patch result: true
[14:49:54] [main/INFO] [Quark ASM]: Applying Transformation to method (Names [checkForMove, func_176316_e] Descriptor (Lnet/minecraft/world/World;Lnet/minecraft/util/math/BlockPos;Lnet/minecraft/block/state/IBlockState;)V)
[14:49:54] [main/INFO] [Quark ASM]: Located Method, patching...
[14:49:54] [main/INFO] [Quark ASM]: Located patch target node INVOKESPECIAL net/minecraft/block/state/BlockPistonStructureHelper.<init> (Lnet/minecraft/world/World;Lnet/minecraft/util/math/BlockPos;Lnet/minecraft/util/EnumFacing;Z)V
[14:49:54] [main/INFO] [Quark ASM]: Patch result: true
[14:49:54] [main/INFO] [RLTweakerASM]: Patch exists for net.minecraftforge.items.VanillaInventoryCodeHooks
[14:49:54] [main/INFO] [RLTweakerASM]: Writing class net.minecraftforge.items.VanillaInventoryCodeHooks with flags MAXS
[14:49:54] [main/INFO] [mixin]: A re-entrant transformer '$wrapper.sereneseasons.asm.transformer.WorldTransformer' was detected and will no longer process meta class data
[14:49:54] [main/INFO] [mixin]: A re-entrant transformer '$wrapper.lumien.bloodmoon.asm.ClassTransformer' was detected and will no longer process meta class data
[14:49:54] [main/INFO] [STDOUT]: [pl.asie.foamfix.coremod.FoamFixTransformer:spliceClasses:101]: Added INTERFACE: pl/asie/foamfix/coremod/patches/IFoamFixWorldRemovable
[14:49:54] [main/INFO] [STDOUT]: [pl.asie.foamfix.coremod.FoamFixTransformer:spliceClasses:141]: Added METHOD: net.minecraft.world.World.foamfix_removeUnloadedEntities
[14:49:54] [main/INFO] [LibrarianLib ASM]: Transforming World
[14:49:54] [main/INFO] [LibrarianLib ASM]: Applying Transformation to method (Names [updateEntities, func_72939_s] Descriptor ()V)
[14:49:54] [main/INFO] [LibrarianLib ASM]: Attempting to insert: Update hook
[14:49:54] [main/INFO] [LibrarianLib ASM]: Patch result: Success
[14:49:54] [main/INFO] [LibrarianLib ASM]: Applying Transformation to method (Names [updateEntityWithOptionalForce, func_72866_a] Descriptor (Lnet/minecraft/entity/Entity;Z)V)
[14:49:54] [main/INFO] [LibrarianLib ASM]: Attempting to insert: Update hook
[14:49:54] [main/INFO] [LibrarianLib ASM]: Patch result: Success
[14:49:54] [main/INFO] [RLTweakerASM]: Patch exists for net.minecraft.world.World
[14:49:54] [main/INFO] [RLTweakerASM]: Writing class net.minecraft.world.World with flags MAXS
[14:49:54] [main/INFO] [Quark ASM]: Transforming net.minecraft.item.ItemStack
[14:49:54] [main/INFO] [Quark ASM]: Applying Transformation to method (Names [getTextComponent, func_151000_E] Descriptor ()Lnet/minecraft/util/text/ITextComponent;)
[14:49:54] [main/INFO] [Quark ASM]: Located Method, patching...
[14:49:54] [main/INFO] [Quark ASM]: Located patch target node ARETURN
[14:49:54] [main/INFO] [Quark ASM]: Patch result: true
[14:49:54] [main/INFO] [Quark ASM]: Transforming net.minecraft.entity.Entity
[14:49:54] [main/INFO] [Quark ASM]: Applying Transformation to method (Names [move, func_70091_d] Descriptor (Lnet/minecraft/entity/MoverType;DDD)V)
[14:49:54] [main/INFO] [Quark ASM]: Located Method, patching...
[14:49:54] [main/INFO] [Quark ASM]: Patch result: true
[14:49:54] [main/INFO] [Quark ASM]: Located Method, patching...
[14:49:54] [main/INFO] [Quark ASM]: Located patch target node INVOKEVIRTUAL net/minecraft/entity/Entity.func_145775_I ()V
[14:49:54] [main/INFO] [Quark ASM]: Patch result: true
[14:49:54] [main/INFO] [Quark ASM]: Applying Transformation to method (Names [onEntityUpdate, func_70030_z] Descriptor ()V)
[14:49:54] [main/INFO] [Quark ASM]: Located Method, patching...
[14:49:54] [main/INFO] [Quark ASM]: Patch result: true
[14:49:54] [main/INFO] [RLTweakerASM]: Patch exists for net.minecraft.entity.Entity
[14:49:54] [main/INFO] [RLTweakerASM]: Writing class net.minecraft.entity.Entity with flags MAXS
[14:49:54] [main/INFO] [Quark ASM]: Transforming net.minecraft.enchantment.EnchantmentHelper
[14:49:54] [main/INFO] [Quark ASM]: Applying Transformation to method (Names [getEnchantments, func_82781_a] Descriptor (Lnet/minecraft/item/ItemStack;)Ljava/util/Map;)
[14:49:54] [main/INFO] [Quark ASM]: Located Method, patching...
[14:49:54] [main/INFO] [Quark ASM]: Located patch target node INVOKEVIRTUAL net/minecraft/item/ItemStack.func_77986_q ()Lnet/minecraft/nbt/NBTTagList;
[14:49:54] [main/INFO] [Quark ASM]: Patch result: true
[14:49:54] [main/INFO] [RLTweakerASM]: Patch exists for net.minecraft.enchantment.EnchantmentHelper
[14:49:54] [main/INFO] [RLTweakerASM]: Writing class net.minecraft.enchantment.EnchantmentHelper with flags MAXS
[14:49:54] [main/INFO] [STDOUT]: [com.Shultrea.Rin.Transformer.SMEASM:transform:48]: Patching EnchantmentHelper
[14:49:54] [main/INFO] [Quark ASM]: Transforming net.minecraft.tileentity.TileEntityPiston
[14:49:54] [main/INFO] [Quark ASM]: Applying Transformation to method (Names [update, func_73660_a] Descriptor ()V)
[14:49:54] [main/INFO] [Quark ASM]: Located Method, patching...
[14:49:54] [main/INFO] [Quark ASM]: Patch result: true
[14:49:54] [main/INFO] [Quark ASM]: Applying Transformation to method (Names [clearPistonTileEntity, func_145866_f] Descriptor ()V)
[14:49:54] [main/INFO] [Quark ASM]: Located Method, patching...
[14:49:54] [main/INFO] [Quark ASM]: Located patch target node INVOKEVIRTUAL net/minecraft/world/World.func_180501_a (Lnet/minecraft/util/math/BlockPos;Lnet/minecraft/block/state/IBlockState;I)Z
[14:49:54] [main/INFO] [Quark ASM]: Patch result: true
[14:49:54] [main/INFO] [Quark ASM]: Applying Transformation to method (Names [update, func_73660_a] Descriptor ()V)
[14:49:54] [main/INFO] [Quark ASM]: Located Method, patching...
[14:49:54] [main/INFO] [Quark ASM]: Located patch target node INVOKEVIRTUAL net/minecraft/world/World.func_180501_a (Lnet/minecraft/util/math/BlockPos;Lnet/minecraft/block/state/IBlockState;I)Z
[14:49:54] [main/INFO] [Quark ASM]: Patch result: true
[14:49:54] [main/INFO] [Quark ASM]: Transforming net.minecraft.entity.item.EntityBoat
[14:49:54] [main/INFO] [Quark ASM]: Applying Transformation to method (Names [attackEntityFrom, func_70097_a] Descriptor (Lnet/minecraft/util/DamageSource;F)Z)
[14:49:54] [main/INFO] [Quark ASM]: Located Method, patching...
[14:49:54] [main/INFO] [Quark ASM]: Located patch target node INVOKEVIRTUAL net/minecraft/entity/item/EntityBoat.func_145778_a (Lnet/minecraft/item/Item;IF)Lnet/minecraft/entity/item/EntityItem;
[14:49:54] [main/INFO] [Quark ASM]: Patch result: true
[14:49:54] [main/INFO] [Quark ASM]: Transforming net.minecraft.entity.item.EntityMinecart
[14:49:54] [main/INFO] [Quark ASM]: Applying Transformation to method (Names [killMinecart, func_94095_a] Descriptor (Lnet/minecraft/util/DamageSource;)V)
[14:49:54] [main/INFO] [Quark ASM]: Located Method, patching...
[14:49:54] [main/INFO] [Quark ASM]: Located patch target node INVOKEVIRTUAL net/minecraft/entity/item/EntityMinecart.func_70099_a (Lnet/minecraft/item/ItemStack;F)Lnet/minecraft/entity/item/EntityItem;
[14:49:54] [main/INFO] [Quark ASM]: Patch result: true
[14:49:54] [main/INFO] [STDOUT]: [pl.asie.foamfix.coremod.patches.WorldServerRemovalPatch:apply:57]: Patched updateEntities in net/minecraft/world/WorldServer func_72939_s
[14:49:54] [main/INFO] [Quark ASM]: Transforming net.minecraft.world.WorldServer
[14:49:54] [main/INFO] [Quark ASM]: Applying Transformation to method (Names [areAllPlayersAsleep, func_73056_e] Descriptor ()Z)
[14:49:54] [main/INFO] [Quark ASM]: Located Method, patching...
[14:49:54] [main/INFO] [Quark ASM]: Patch result: true
[14:49:54] [main/INFO] [Quark ASM]: Applying Transformation to method (Names [wakeAllPlayers, func_73053_d] Descriptor ()V)
[14:49:54] [main/INFO] [Quark ASM]: Located Method, patching...
[14:49:54] [main/INFO] [Quark ASM]: Patch result: true
[14:49:54] [main/INFO] [RLTweakerASM]: Patch exists for net.minecraft.world.WorldServer
[14:49:54] [main/INFO] [RLTweakerASM]: Writing class net.minecraft.world.WorldServer with flags MAXS
[14:49:54] [main/INFO] [RLTweakerASM]: Patch exists for net.minecraft.world.ServerWorldEventHandler
[14:49:54] [main/INFO] [RLTweakerASM]: Writing class net.minecraft.world.ServerWorldEventHandler with flags MAXS
[14:49:54] [main/INFO] [RLTweakerASM]: Patch exists for net.minecraft.entity.EntityLivingBase
[14:49:54] [main/INFO] [RLTweakerASM]: Writing class net.minecraft.entity.EntityLivingBase with flags MAXS | FRAMES
[14:49:54] [main/INFO] [STDOUT]: [com.creativemd.creativecore.transformer.CreativeTransformer:transform:49]: [itemphysic] Patched net.minecraft.entity.item.EntityItem ...
[14:49:55] [main/INFO] [STDOUT]: [com.creativemd.creativecore.transformer.CreativeTransformer:transform:49]: [itemphysic] Patched net.minecraft.entity.item.EntityItem ...
[14:49:55] [main/INFO] [Quark ASM]: Transforming net.minecraft.entity.item.EntityItem
[14:49:55] [main/INFO] [Quark ASM]: Applying Transformation to method (Names [onUpdate, func_70071_h_] Descriptor ()V)
[14:49:55] [main/INFO] [Quark ASM]: Located Method, patching...
[14:49:55] [main/INFO] [Quark ASM]: Patch result: true
[14:49:55] [main/INFO] [STDOUT]: [pl.asie.patchy.helpers.ConstructorReplacingTransformer$FFMethodVisitor:visitTypeInsn:73]: Replaced NEW for net/minecraft/util/ClassInheritanceMultiMap to pl/asie/foamfix/coremod/common/FoamyClassInheritanceMultiMap
[14:49:55] [main/INFO] [STDOUT]: [pl.asie.patchy.helpers.ConstructorReplacingTransformer$FFMethodVisitor:visitMethodInsn:85]: Replaced INVOKESPECIAL for net/minecraft/util/ClassInheritanceMultiMap to pl/asie/foamfix/coremod/common/FoamyClassInheritanceMultiMap
[14:49:55] [main/INFO] [mixin]: A re-entrant transformer '$wrapper.pl.asie.foamfix.coremod.FoamFixTransformer' was detected and will no longer process meta class data
[14:49:55] [main/INFO] [STDOUT]: [pl.asie.foamfix.coremod.FoamFixTransformer:spliceClasses:101]: Added INTERFACE: pl/asie/foamfix/coremod/patches/IFoamFixWorldRemovable
[14:49:55] [main/INFO] [STDOUT]: [pl.asie.foamfix.coremod.FoamFixTransformer:spliceClasses:141]: Added METHOD: net.minecraft.world.World.foamfix_removeUnloadedEntities
[14:49:55] [main/INFO] [LibrarianLib ASM]: Transforming World
[14:49:55] [main/INFO] [LibrarianLib ASM]: Applying Transformation to method (Names [updateEntities, func_72939_s] Descriptor ()V)
[14:49:55] [main/INFO] [LibrarianLib ASM]: Attempting to insert: Update hook
[14:49:55] [main/INFO] [LibrarianLib ASM]: Patch result: Success
[14:49:55] [main/INFO] [LibrarianLib ASM]: Applying Transformation to method (Names [updateEntityWithOptionalForce, func_72866_a] Descriptor (Lnet/minecraft/entity/Entity;Z)V)
[14:49:55] [main/INFO] [LibrarianLib ASM]: Attempting to insert: Update hook
[14:49:55] [main/INFO] [LibrarianLib ASM]: Patch result: Success
[14:49:55] [main/INFO] [RLTweakerASM]: Patch exists for net.minecraft.world.World
[14:49:55] [main/INFO] [RLTweakerASM]: Writing class net.minecraft.world.World with flags MAXS
[14:49:55] [main/INFO] [STDOUT]: [pl.asie.foamfix.coremod.patches.WorldServerRemovalPatch:apply:57]: Patched updateEntities in net/minecraft/world/WorldServer func_72939_s
[14:49:55] [main/INFO] [Quark ASM]: Transforming net.minecraft.world.WorldServer
[14:49:55] [main/INFO] [Quark ASM]: Applying Transformation to method (Names [areAllPlayersAsleep, func_73056_e] Descriptor ()Z)
[14:49:55] [main/INFO] [Quark ASM]: Located Method, patching...
[14:49:55] [main/INFO] [Quark ASM]: Patch result: true
[14:49:55] [main/INFO] [Quark ASM]: Applying Transformation to method (Names [wakeAllPlayers, func_73053_d] Descriptor ()V)
[14:49:55] [main/INFO] [Quark ASM]: Located Method, patching...
[14:49:55] [main/INFO] [Quark ASM]: Patch result: true
[14:49:55] [main/INFO] [RLTweakerASM]: Patch exists for net.minecraft.world.WorldServer
[14:49:55] [main/INFO] [RLTweakerASM]: Writing class net.minecraft.world.WorldServer with flags MAXS
[14:49:55] [main/INFO] [Meson ASM]: Transforming EntityPlayer
[14:49:55] [main/INFO] [Meson ASM]: Applying Transformation to method (Names [getArmorVisibility, func_82243_bO, cW] Descriptor ()F / ()F)
[14:49:55] [main/INFO] [Meson ASM]: Located method, patching...
[14:49:55] [main/INFO] [Meson ASM]: Located target IINC 1 1
[14:49:55] [main/INFO] [Meson ASM]: Patch result: true
[14:49:55] [main/INFO] [RLTweakerASM]: Patch exists for net.minecraft.entity.EntityLivingBase
[14:49:55] [main/INFO] [RLTweakerASM]: Writing class net.minecraft.entity.EntityLivingBase with flags MAXS | FRAMES
[14:49:55] [main/INFO] [Quark ASM]: Transforming net.minecraft.util.DamageSource
[14:49:55] [main/INFO] [Quark ASM]: Applying Transformation to method (Names [causePlayerDamage, func_76365_a] Descriptor (Lnet/minecraft/entity/player/EntityPlayer;)Lnet/minecraft/util/DamageSource;)
[14:49:55] [main/INFO] [Quark ASM]: Located Method, patching...
[14:49:55] [main/INFO] [Quark ASM]: Patch result: true
[14:49:55] [main/INFO] [RLTweakerASM]: Patch exists for net.minecraft.potion.PotionEffect
[14:49:55] [main/INFO] [RLTweakerASM]: Writing class net.minecraft.potion.PotionEffect with flags MAXS | FRAMES
[14:49:55] [main/INFO] [Quark ASM]: Transforming net.minecraft.entity.Entity
[14:49:55] [main/INFO] [Quark ASM]: Applying Transformation to method (Names [move, func_70091_d] Descriptor (Lnet/minecraft/entity/MoverType;DDD)V)
[14:49:55] [main/INFO] [Quark ASM]: Located Method, patching...
[14:49:55] [main/INFO] [Quark ASM]: Patch result: true
[14:49:55] [main/INFO] [Quark ASM]: Located Method, patching...
[14:49:55] [main/INFO] [Quark ASM]: Located patch target node INVOKEVIRTUAL net/minecraft/entity/Entity.func_145775_I ()V
[14:49:55] [main/INFO] [Quark ASM]: Patch result: true
[14:49:55] [main/INFO] [Quark ASM]: Applying Transformation to method (Names [onEntityUpdate, func_70030_z] Descriptor ()V)
[14:49:55] [main/INFO] [Quark ASM]: Located Method, patching...
[14:49:55] [main/INFO] [Quark ASM]: Patch result: true
[14:49:55] [main/INFO] [RLTweakerASM]: Patch exists for net.minecraft.entity.Entity
[14:49:55] [main/INFO] [RLTweakerASM]: Writing class net.minecraft.entity.Entity with flags MAXS
[14:49:55] [main/INFO] [ISeeDragons]: ATTEMPTING TO PATCH  net.minecraft.advancements.AdvancementManager!
[14:49:55] [main/INFO] [ISeeDragons]: Applying patch [Stop Log Spammers] 
[14:49:55] [main/INFO] [ISeeDragons]: Writing class net.minecraft.advancements.AdvancementManager with flags None
[14:49:55] [main/INFO] [LaunchWrapper]: Launching wrapped minecraft {net.minecraft.server.MinecraftServer}
[14:49:55] [main/WARN] [net.minecraft.server.ServerEula]: Failed to load eula.txt
[14:49:55] [main/INFO] [net.minecraft.server.MinecraftServer]: You need to agree to the EULA in order to run the server. Go to eula.txt for more info.
